<?xml version="1.0" encoding="UTF-8"?>
<!-- Generated by org.testng.reporters.JUnitReportReporter -->
<testsuite hostname="LAPTOP-SD3H4COP" failures="0" tests="8" name="api.test.DDTUser" time="11.249" errors="0" timestamp="2023-08-16T15:23:12 IST" skipped="0">
  <testcase classname="api.test.DDTUser" name="setupdata" time="1.184"/>
  <testcase classname="api.test.DDTUser" name="setupdata" time="1.179"/>
  <testcase classname="api.test.DDTUser" name="setupdata" time="3.176"/>
  <testcase classname="api.test.DDTUser" name="setupdata" time="1.193"/>
  <testcase classname="api.test.DDTUser" name="deleteUser" time="1.144"/>
  <testcase classname="api.test.DDTUser" name="deleteUser" time="1.151"/>
  <testcase classname="api.test.DDTUser" name="deleteUser" time="1.105"/>
  <testcase classname="api.test.DDTUser" name="deleteUser" time="1.117"/>
</testsuite> <!-- api.test.DDTUser -->
