<?xml version="1.0" encoding="UTF-8"?>
<!-- Generated by org.testng.reporters.JUnitReportReporter -->
<testsuite hostname="LAPTOP-SD3H4COP" failures="0" tests="4" name="api.test.UserTest2" time="8.149" errors="0" timestamp="2023-08-16T16:12:44 IST" skipped="0">
  <testcase classname="api.test.UserTest2" name="postUser" time="3.477"/>
  <testcase classname="api.test.UserTest2" name="getUserByName" time="1.242"/>
  <testcase classname="api.test.UserTest2" name="updateUserByName" time="2.273"/>
  <testcase classname="api.test.UserTest2" name="deleteUserByName" time="1.157"/>
</testsuite> <!-- api.test.UserTest2 -->
