<?xml version="1.0" encoding="UTF-8"?>
<!-- Generated by org.testng.reporters.JUnitReportReporter -->
<testsuite hostname="LAPTOP-SD3H4COP" failures="0" tests="4" name="api.test.UserTest" time="8.090" errors="0" timestamp="2023-08-16T15:47:38 IST" skipped="0">
  <testcase classname="api.test.UserTest" name="postUser" time="3.496"/>
  <testcase classname="api.test.UserTest" name="getUserByName" time="1.137"/>
  <testcase classname="api.test.UserTest" name="updateUserByName" time="2.279"/>
  <testcase classname="api.test.UserTest" name="deleteUserByName" time="1.178"/>
</testsuite> <!-- api.test.UserTest -->
