<?xml version="1.0" encoding="UTF-8"?>
<!-- Generated by org.testng.reporters.JUnitReportReporter -->
<testsuite hostname="LAPTOP-SD3H4COP" failures="0" tests="1" name="api.test.UserTest1" time="2.586" errors="0" timestamp="2023-08-08T12:09:55 IST" skipped="0">
  <testcase classname="api.test.UserTest1" name="setupdata" time="2.586"/>
</testsuite> <!-- api.test.UserTest1 -->
