<?xml version="1.0" encoding="UTF-8"?>
<!-- Generated by org.testng.reporters.JUnitReportReporter -->
<testsuite hostname="LAPTOP-SD3H4COP" failures="0" tests="4" name="api.test.UserTest2" time="7.949" errors="0" timestamp="2023-08-16T16:40:44 IST" skipped="0">
  <testcase classname="api.test.UserTest2" name="postUser" time="3.363"/>
  <testcase classname="api.test.UserTest2" name="getUserByName" time="1.181"/>
  <testcase classname="api.test.UserTest2" name="updateUserByName" time="2.211"/>
  <testcase classname="api.test.UserTest2" name="deleteUserByName" time="1.194"/>
</testsuite> <!-- api.test.UserTest2 -->
